<?xml version="1.0" encoding="UTF-8"?>
<!-- Generated by org.testng.reporters.JUnitReportReporter -->
<testsuite hostname="DESKTOP-03IFQFL" failures="0" tests="1" name="client_Scenarios.Sample1" time="17.997" errors="0" timestamp="2024-07-29T12:24:48 IST" skipped="0">
  <testcase classname="client_Scenarios.Sample1" name="ddd" time="17.997"/>
</testsuite> <!-- client_Scenarios.Sample1 -->
