<?xml version="1.0" encoding="UTF-8"?>
<!-- Generated by org.testng.reporters.JUnitReportReporter -->
<testsuite hostname="DESKTOP-03IFQFL" failures="0" tests="1" name="client_Scenarios.Sample2" time="69.132" errors="0" timestamp="2024-07-29T19:11:15 IST" skipped="0">
  <testcase classname="client_Scenarios.Sample2" name="ddd" time="69.132"/>
</testsuite> <!-- client_Scenarios.Sample2 -->
