<?xml version="1.0" encoding="UTF-8"?>
<!-- Generated by org.testng.reporters.JUnitReportReporter -->
<testsuite hostname="DESKTOP-03IFQFL" failures="0" tests="5" name="smokeTestCases.AddProject" time="21.190" errors="0" timestamp="2024-07-01T19:17:48 IST" skipped="0">
  <testcase classname="smokeTestCases.AddProject" name="project" time="2.883"/>
  <testcase classname="smokeTestCases.AddProject" name="project" time="2.365"/>
  <testcase classname="smokeTestCases.AddProject" name="projectModule" time="10.425"/>
  <testcase classname="smokeTestCases.AddProject" name="project" time="1.685"/>
  <testcase classname="smokeTestCases.AddProject" name="project" time="3.832"/>
</testsuite> <!-- smokeTestCases.AddProject -->
