<?xml version="1.0" encoding="UTF-8"?>
<!-- Generated by org.testng.reporters.JUnitReportReporter -->
<testsuite hostname="DESKTOP-03IFQFL" failures="0" tests="6" name="smokeTestCases.SmokeTestCase1" time="52.594" errors="0" timestamp="2024-10-11T18:15:31 IST" skipped="4">
  <testcase classname="smokeTestCases.SmokeTestCase1" name="invoice" time="27.045"/>
  <testcase classname="smokeTestCases.SmokeTestCase1" name="invoice" time="25.549"/>
  <testcase classname="smokeTestCases.SmokeTestCase1" name="expenseEntries">
    <skipped/>
  </testcase> <!-- expenseEntries -->
  <testcase classname="smokeTestCases.SmokeTestCase1" name="project">
    <skipped/>
  </testcase> <!-- project -->
  <testcase classname="smokeTestCases.SmokeTestCase1" name="addingClients">
    <skipped/>
  </testcase> <!-- addingClients -->
  <testcase classname="smokeTestCases.SmokeTestCase1" name="timeEntries">
    <skipped/>
  </testcase> <!-- timeEntries -->
</testsuite> <!-- smokeTestCases.SmokeTestCase1 -->
