<?xml version="1.0" encoding="UTF-8"?>
<!-- Generated by org.testng.reporters.JUnitReportReporter -->
<testsuite hostname="DESKTOP-03IFQFL" failures="0" tests="3" name="client_Scenarios.C02_clientPage_Find" time="20.246" errors="0" timestamp="2024-07-15T16:55:31 IST" skipped="0">
  <testcase classname="client_Scenarios.C02_clientPage_Find" name="find" time="4.329"/>
  <testcase classname="client_Scenarios.C02_clientPage_Find" name="openFind" time="11.564"/>
  <testcase classname="client_Scenarios.C02_clientPage_Find" name="find" time="4.353"/>
</testsuite> <!-- client_Scenarios.C02_clientPage_Find -->
