<?xml version="1.0" encoding="UTF-8"?>
<!-- Generated by org.testng.reporters.JUnitReportReporter -->
<testsuite hostname="DESKTOP-03IFQFL" failures="0" tests="3" name="client_Scenarios.C01_AddClient" time="17.783" errors="0" timestamp="2024-10-04T20:34:46 IST" skipped="0">
  <testcase classname="client_Scenarios.C01_AddClient" name="addingClients" time="5.192"/>
  <testcase classname="client_Scenarios.C01_AddClient" name="addingClients" time="7.317"/>
  <testcase classname="client_Scenarios.C01_AddClient" name="addingClients" time="5.274"/>
</testsuite> <!-- client_Scenarios.C01_AddClient -->
